TN:
SF:src/index.js
FNF:0
FNH:0
DA:8,0
LF:1
LH:0
BRF:0
BRH:0
end_of_record
TN:
SF:src/reportWebVitals.js
FN:1,(anonymous_0)
FN:3,(anonymous_1)
FNF:2
FNH:0
FNDA:0,(anonymous_0)
FNDA:0,(anonymous_1)
DA:1,0
DA:2,0
DA:3,0
DA:4,0
DA:5,0
DA:6,0
DA:7,0
DA:8,0
LF:8
LH:0
BRDA:2,0,0,0
BRDA:2,0,1,0
BRDA:2,1,0,0
BRDA:2,1,1,0
BRF:4
BRH:0
end_of_record
TN:
SF:src/components/App.js
FN:17,(anonymous_0)
FN:30,(anonymous_1)
FN:36,(anonymous_2)
FN:43,(anonymous_3)
FN:45,(anonymous_4)
FN:54,(anonymous_5)
FN:56,(anonymous_6)
FN:64,(anonymous_7)
FN:89,(anonymous_8)
FN:107,(anonymous_9)
FN:111,(anonymous_10)
FN:131,(anonymous_11)
FN:135,(anonymous_12)
FN:137,(anonymous_13)
FN:156,(anonymous_14)
FN:164,(anonymous_15)
FN:167,(anonymous_16)
FN:170,(anonymous_17)
FN:171,(anonymous_18)
FN:174,(anonymous_19)
FN:175,(anonymous_20)
FNF:21
FNH:11
FNDA:7,(anonymous_0)
FNDA:6,(anonymous_1)
FNDA:2,(anonymous_2)
FNDA:6,(anonymous_3)
FNDA:5,(anonymous_4)
FNDA:6,(anonymous_5)
FNDA:5,(anonymous_6)
FNDA:4,(anonymous_7)
FNDA:4,(anonymous_8)
FNDA:0,(anonymous_9)
FNDA:0,(anonymous_10)
FNDA:0,(anonymous_11)
FNDA:0,(anonymous_12)
FNDA:0,(anonymous_13)
FNDA:0,(anonymous_14)
FNDA:12,(anonymous_15)
FNDA:4,(anonymous_16)
FNDA:0,(anonymous_17)
FNDA:0,(anonymous_18)
FNDA:0,(anonymous_19)
FNDA:0,(anonymous_20)
DA:18,7
DA:19,6
DA:26,6
DA:27,6
DA:31,6
DA:32,6
DA:33,6
DA:37,2
DA:44,6
DA:45,6
DA:46,5
DA:47,5
DA:55,6
DA:56,6
DA:64,6
DA:65,4
DA:66,4
DA:67,4
DA:69,4
DA:70,4
DA:71,1
DA:72,1
DA:73,1
DA:75,3
DA:78,4
DA:79,4
DA:80,4
DA:81,4
DA:88,4
DA:89,4
DA:90,4
DA:91,4
DA:92,0
DA:93,0
DA:108,0
DA:109,0
DA:110,0
DA:111,0
DA:112,0
DA:113,0
DA:114,0
DA:121,0
DA:122,0
DA:123,0
DA:133,0
DA:134,0
DA:135,0
DA:136,0
DA:137,0
DA:139,0
DA:140,0
DA:141,0
DA:142,0
DA:143,0
DA:145,0
DA:146,0
DA:147,0
DA:148,0
DA:150,0
DA:160,0
DA:161,0
DA:165,12
DA:167,4
DA:170,0
DA:171,0
DA:174,0
DA:175,0
LF:67
LH:34
BRDA:65,0,0,4
BRDA:65,0,1,0
BRDA:70,1,0,1
BRDA:70,1,1,3
BRDA:139,2,0,0
BRDA:139,2,1,0
BRF:6
BRH:3
end_of_record
TN:
SF:src/components/header/einkaufHeader.js
FN:6,EinkaufHeader
FN:14,(anonymous_1)
FN:23,(anonymous_2)
FNF:3
FNH:3
FNDA:17,EinkaufHeader
FNDA:4,(anonymous_1)
FNDA:5,(anonymous_2)
DA:7,17
DA:14,15
DA:15,4
DA:16,4
DA:23,15
DA:24,5
DA:28,15
LF:7
LH:7
BRF:0
BRH:0
end_of_record
TN:
SF:src/components/liste/containerListe.js
FN:12,ContainerListe
FN:19,(anonymous_1)
FNF:2
FNH:1
FNDA:23,ContainerListe
FNDA:0,(anonymous_1)
DA:15,23
DA:19,0
LF:2
LH:1
BRF:0
BRH:0
end_of_record
TN:
SF:src/components/liste/listItem/listElement.js
FN:16,ListElement
FN:28,(anonymous_1)
FN:36,(anonymous_2)
FN:52,(anonymous_3)
FN:70,(anonymous_4)
FN:79,(anonymous_5)
FN:80,(anonymous_6)
FN:81,(anonymous_7)
FN:119,(anonymous_8)
FN:129,(anonymous_9)
FNF:10
FNH:0
FNDA:0,ListElement
FNDA:0,(anonymous_1)
FNDA:0,(anonymous_2)
FNDA:0,(anonymous_3)
FNDA:0,(anonymous_4)
FNDA:0,(anonymous_5)
FNDA:0,(anonymous_6)
FNDA:0,(anonymous_7)
FNDA:0,(anonymous_8)
FNDA:0,(anonymous_9)
DA:17,0
DA:18,0
DA:19,0
DA:20,0
DA:21,0
DA:22,0
DA:28,0
DA:29,0
DA:30,0
DA:36,0
DA:37,0
DA:38,0
DA:44,0
DA:45,0
DA:52,0
DA:53,0
DA:54,0
DA:61,0
DA:63,0
DA:64,0
DA:70,0
DA:72,0
DA:73,0
DA:74,0
DA:75,0
DA:79,0
DA:80,0
DA:81,0
DA:83,0
DA:119,0
DA:129,0
LF:31
LH:0
BRDA:20,0,0,0
BRDA:20,0,1,0
BRDA:21,1,0,0
BRDA:21,1,1,0
BRDA:85,2,0,0
BRDA:85,2,1,0
BRF:6
BRH:0
end_of_record
TN:
SF:src/components/out/scripts/linenumber.js
FN:2,(anonymous_0)
FNF:1
FNH:0
FNDA:0,(anonymous_0)
DA:2,0
DA:3,0
DA:4,0
DA:5,0
DA:11,0
DA:12,0
DA:13,0
DA:14,0
DA:16,0
DA:17,0
DA:18,0
DA:19,0
DA:20,0
DA:21,0
LF:14
LH:0
BRDA:11,0,0,0
BRDA:11,0,1,0
BRDA:11,1,0,0
BRDA:11,1,1,0
BRDA:20,2,0,0
BRDA:20,2,1,0
BRF:6
BRH:0
end_of_record
TN:
SF:src/components/out/scripts/prettify/lang-css.js
FNF:0
FNH:0
DA:1,0
DA:2,0
LF:2
LH:0
BRF:0
BRH:0
end_of_record
TN:
SF:src/components/out/scripts/prettify/prettify.js
FN:2,(anonymous_0)
FN:2,L
FN:2,m
FN:2,e
FN:2,h
FN:3,(anonymous_5)
FN:4,y
FN:5,(anonymous_7)
FN:6,M
FN:6,m
FN:7,B
FN:7,x
FN:7,e
FN:8,(anonymous_13)
FN:9,u
FN:12,D
FN:12,e
FN:13,h
FN:13,b
FN:15,k
FN:15,C
FN:15,E
FN:25,(anonymous_22)
FN:25,(anonymous_23)
FN:25,m
FN:27,(anonymous_25)
FNF:26
FNH:0
FNDA:0,(anonymous_0)
FNDA:0,L
FNDA:0,m
FNDA:0,e
FNDA:0,h
FNDA:0,(anonymous_5)
FNDA:0,y
FNDA:0,(anonymous_7)
FNDA:0,M
FNDA:0,m
FNDA:0,B
FNDA:0,x
FNDA:0,e
FNDA:0,(anonymous_13)
FNDA:0,u
FNDA:0,D
FNDA:0,e
FNDA:0,h
FNDA:0,b
FNDA:0,k
FNDA:0,C
FNDA:0,E
FNDA:0,(anonymous_22)
FNDA:0,(anonymous_23)
FNDA:0,m
FNDA:0,(anonymous_25)
DA:1,0
DA:2,0
DA:3,0
DA:4,0
DA:5,0
DA:6,0
DA:7,0
DA:8,0
DA:9,0
DA:10,0
DA:11,0
DA:12,0
DA:13,0
DA:14,0
DA:15,0
DA:16,0
DA:17,0
DA:18,0
DA:19,0
DA:20,0
DA:21,0
DA:22,0
DA:23,0
DA:24,0
DA:25,0
DA:26,0
DA:27,0
LF:27
LH:0
BRDA:2,0,0,0
BRDA:2,0,1,0
BRDA:2,1,0,0
BRDA:2,1,1,0
BRDA:2,2,0,0
BRDA:2,2,1,0
BRDA:2,3,0,0
BRDA:2,3,1,0
BRDA:2,4,0,0
BRDA:2,4,1,0
BRDA:2,5,0,0
BRDA:2,5,1,0
BRDA:2,6,0,0
BRDA:2,6,1,0
BRDA:2,7,0,0
BRDA:2,7,1,0
BRDA:2,8,0,0
BRDA:2,8,1,0
BRDA:2,9,0,0
BRDA:2,9,1,0
BRDA:2,9,2,0
BRDA:2,9,3,0
BRDA:3,10,0,0
BRDA:3,10,1,0
BRDA:3,11,0,0
BRDA:3,11,1,0
BRDA:3,12,0,0
BRDA:3,12,1,0
BRDA:3,13,0,0
BRDA:3,13,1,0
BRDA:3,14,0,0
BRDA:3,14,1,0
BRDA:3,14,2,0
BRDA:3,15,0,0
BRDA:3,15,1,0
BRDA:3,15,2,0
BRDA:3,16,0,0
BRDA:3,16,1,0
BRDA:3,16,2,0
BRDA:3,17,0,0
BRDA:3,17,1,0
BRDA:3,18,0,0
BRDA:3,18,1,0
BRDA:3,19,0,0
BRDA:3,19,1,0
BRDA:4,20,0,0
BRDA:4,20,1,0
BRDA:4,21,0,0
BRDA:4,21,1,0
BRDA:4,22,0,0
BRDA:4,22,1,0
BRDA:4,23,0,0
BRDA:4,23,1,0
BRDA:4,23,2,0
BRDA:4,23,3,0
BRDA:4,24,0,0
BRDA:4,24,1,0
BRDA:4,25,0,0
BRDA:4,25,1,0
BRDA:4,26,0,0
BRDA:4,26,1,0
BRDA:4,27,0,0
BRDA:4,27,1,0
BRDA:4,27,2,0
BRDA:4,27,3,0
BRDA:5,28,0,0
BRDA:5,28,1,0
BRDA:5,28,2,0
BRDA:5,29,0,0
BRDA:5,29,1,0
BRDA:5,30,0,0
BRDA:5,30,1,0
BRDA:5,31,0,0
BRDA:5,31,1,0
BRDA:5,32,0,0
BRDA:5,32,1,0
BRDA:5,33,0,0
BRDA:5,33,1,0
BRDA:5,34,0,0
BRDA:5,34,1,0
BRDA:5,35,0,0
BRDA:5,35,1,0
BRDA:6,36,0,0
BRDA:6,36,1,0
BRDA:6,37,0,0
BRDA:6,37,1,0
BRDA:6,38,0,0
BRDA:6,38,1,0
BRDA:6,39,0,0
BRDA:6,39,1,0
BRDA:6,39,2,0
BRDA:6,40,0,0
BRDA:6,40,1,0
BRDA:6,41,0,0
BRDA:6,41,1,0
BRDA:6,42,0,0
BRDA:6,42,1,0
BRDA:6,43,0,0
BRDA:6,43,1,0
BRDA:6,44,0,0
BRDA:6,44,1,0
BRDA:7,45,0,0
BRDA:7,45,1,0
BRDA:7,46,0,0
BRDA:7,46,1,0
BRDA:7,47,0,0
BRDA:7,47,1,0
BRDA:7,48,0,0
BRDA:7,48,1,0
BRDA:7,49,0,0
BRDA:7,49,1,0
BRDA:7,50,0,0
BRDA:7,50,1,0
BRDA:8,51,0,0
BRDA:8,51,1,0
BRDA:8,52,0,0
BRDA:8,52,1,0
BRDA:8,53,0,0
BRDA:8,53,1,0
BRDA:8,54,0,0
BRDA:8,54,1,0
BRDA:8,55,0,0
BRDA:8,55,1,0
BRDA:8,56,0,0
BRDA:8,56,1,0
BRDA:8,57,0,0
BRDA:8,57,1,0
BRDA:8,58,0,0
BRDA:8,58,1,0
BRDA:8,59,0,0
BRDA:8,59,1,0
BRDA:8,60,0,0
BRDA:8,60,1,0
BRDA:9,61,0,0
BRDA:9,61,1,0
BRDA:9,62,0,0
BRDA:9,62,1,0
BRDA:9,63,0,0
BRDA:9,63,1,0
BRDA:9,64,0,0
BRDA:9,64,1,0
BRDA:10,65,0,0
BRDA:10,65,1,0
BRDA:10,66,0,0
BRDA:10,66,1,0
BRDA:10,67,0,0
BRDA:10,67,1,0
BRDA:10,68,0,0
BRDA:10,68,1,0
BRDA:11,69,0,0
BRDA:11,69,1,0
BRDA:11,70,0,0
BRDA:11,70,1,0
BRDA:11,71,0,0
BRDA:11,71,1,0
BRDA:12,72,0,0
BRDA:12,72,1,0
BRDA:12,73,0,0
BRDA:12,73,1,0
BRDA:12,73,2,0
BRDA:12,74,0,0
BRDA:12,74,1,0
BRDA:12,75,0,0
BRDA:12,75,1,0
BRDA:13,76,0,0
BRDA:13,76,1,0
BRDA:13,77,0,0
BRDA:13,77,1,0
BRDA:13,78,0,0
BRDA:13,78,1,0
BRDA:13,79,0,0
BRDA:13,79,1,0
BRDA:13,80,0,0
BRDA:13,80,1,0
BRDA:13,81,0,0
BRDA:13,81,1,0
BRDA:13,82,0,0
BRDA:13,82,1,0
BRDA:14,83,0,0
BRDA:14,83,1,0
BRDA:14,84,0,0
BRDA:14,84,1,0
BRDA:14,85,0,0
BRDA:14,85,1,0
BRDA:14,86,0,0
BRDA:14,86,1,0
BRDA:14,87,0,0
BRDA:14,87,1,0
BRDA:14,88,0,0
BRDA:14,88,1,0
BRDA:15,89,0,0
BRDA:15,89,1,0
BRDA:15,90,0,0
BRDA:15,90,1,0
BRDA:15,91,0,0
BRDA:15,91,1,0
BRDA:15,92,0,0
BRDA:15,92,1,0
BRDA:15,93,0,0
BRDA:15,93,1,0
BRDA:15,94,0,0
BRDA:15,94,1,0
BRDA:15,95,0,0
BRDA:15,95,1,0
BRDA:16,96,0,0
BRDA:16,96,1,0
BRDA:16,97,0,0
BRDA:16,97,1,0
BRDA:16,98,0,0
BRDA:16,98,1,0
BRDA:16,99,0,0
BRDA:16,99,1,0
BRDA:16,100,0,0
BRDA:16,100,1,0
BRDA:16,101,0,0
BRDA:16,101,1,0
BRDA:16,102,0,0
BRDA:16,102,1,0
BRDA:17,103,0,0
BRDA:17,103,1,0
BRDA:17,104,0,0
BRDA:17,104,1,0
BRDA:17,105,0,0
BRDA:17,105,1,0
BRDA:17,106,0,0
BRDA:17,106,1,0
BRDA:17,107,0,0
BRDA:17,107,1,0
BRDA:17,108,0,0
BRDA:17,108,1,0
BRDA:25,109,0,0
BRDA:25,109,1,0
BRDA:25,110,0,0
BRDA:25,110,1,0
BRDA:25,111,0,0
BRDA:25,111,1,0
BRDA:25,112,0,0
BRDA:25,112,1,0
BRDA:25,113,0,0
BRDA:25,113,1,0
BRDA:26,114,0,0
BRDA:26,114,1,0
BRDA:26,115,0,0
BRDA:26,115,1,0
BRDA:26,116,0,0
BRDA:26,116,1,0
BRDA:26,117,0,0
BRDA:26,117,1,0
BRDA:26,118,0,0
BRDA:26,118,1,0
BRDA:26,119,0,0
BRDA:26,119,1,0
BRDA:26,120,0,0
BRDA:26,120,1,0
BRDA:26,121,0,0
BRDA:26,121,1,0
BRDA:26,122,0,0
BRDA:26,122,1,0
BRDA:26,123,0,0
BRDA:26,123,1,0
BRDA:26,123,2,0
BRDA:26,123,3,0
BRDA:26,123,4,0
BRDA:26,124,0,0
BRDA:26,124,1,0
BRDA:26,125,0,0
BRDA:26,125,1,0
BRDA:26,126,0,0
BRDA:26,126,1,0
BRDA:26,127,0,0
BRDA:26,127,1,0
BRDA:26,128,0,0
BRDA:26,128,1,0
BRDA:26,129,0,0
BRDA:26,129,1,0
BRDA:27,130,0,0
BRDA:27,130,1,0
BRDA:27,131,0,0
BRDA:27,131,1,0
BRF:279
BRH:0
end_of_record
TN:
SF:src/components/ueberschrift/bereichUeberschrift.js
FN:4,BereichUeberschrift
FNF:1
FNH:1
FNDA:18,BereichUeberschrift
DA:6,18
LF:1
LH:1
BRF:0
BRH:0
end_of_record
TN:
SF:src/utils/axiosCalls.js
FN:12,AxiosCalls
FNF:1
FNH:1
FNDA:2,AxiosCalls
DA:3,3
DA:13,2
DA:14,2
DA:15,2
DA:16,2
DA:21,2
LF:6
LH:6
BRF:0
BRH:0
end_of_record
